lib_permission/build/intermediates/manifest_merge_blame_file/debug/manifest-merger-blame-debug-report.txt
1<?xml version="1.0" encoding="utf-8"?>
2<manifest xmlns:android="http://schemas.android.com/apk/res/android"
3    package="com.ktcool.lib_permission"
4    android:versionCode="1"
5    android:versionName="1.0" >
6
7    <uses-sdk
8        android:minSdkVersion="16"
8-->src/main/AndroidManifest.xml
9        android:targetSdkVersion="29" />
9-->src/main/AndroidManifest.xml
10
11    <application>
11-->src/main/AndroidManifest.xml:5:5-9:19
12        <activity
12-->src/main/AndroidManifest.xml:6:9-8:50
13            android:name="com.ktcool.lib_permission.PermissionRequestActivity"
13-->src/main/AndroidManifest.xml:7:13-54
14            android:theme="@style/Translucent" />
14-->src/main/AndroidManifest.xml:8:13-47
15    </application>
16
17</manifest>